20-05-2023	40:21:10==============/api/v1/guest/forgot_password====POST====InternalServerError: Internal Server Error
20-05-2023	49:22:10==============/api/v1/guest/forgot_password====POST====InternalServerError: Internal Server Error
20-05-2023	19:23:10==============/api/v1/guest/forgot_password====POST====InternalServerError: Internal Server Error
20-05-2023	38:24:10==============/api/v1/guest/forgot_password====POST====InternalServerError: Internal Server Error
20-05-2023	00:25:10==============/api/v1/guest/forgot_password====POST====InternalServerError: Internal Server Error
20-05-2023	50:34:10==============/api/v1/guest/forgot_password====POST====TypeError: Cannot read properties of undefined (reading 'email')
20-05-2023	39:37:10==============/api/v1/guest/forgot_password====POST====TypeError: Cannot read properties of undefined (reading 'email')
20-05-2023	29:39:10==============/api/v1/guest/forgot_password====POST====TypeError: Cannot read properties of undefined (reading 'email')
20-05-2023	58:41:10==============/api/v1/guest/forgot_password====POST====TypeError: Cannot read properties of undefined (reading 'email')
20-05-2023	18:42:10==============/api/v1/guest/forgot_password====POST====TypeError: Cannot read properties of undefined (reading 'email')
20-05-2023	03:44:10==============/api/v1/guest/forgot_password====POST====TypeError: Cannot read properties of undefined (reading 'email')
20-05-2023	06:46:10==============/api/v1/guest/forgot_password====POST====TypeError: Cannot read properties of undefined (reading 'email')
20-05-2023	13:02:11==============/api/v1/guest/forgot_password====POST====TypeError: Cannot read properties of undefined (reading 'email')
20-05-2023	21:38:19==============/guest/forgot_password/reset?token=I3SNCBYOm5Bo9w4sABE239dRjchN58cS64y4TZ1UmxaUvBf5NK&email=nguyenhuuthang9440@gmail.com====GET====NotFoundError: This route does not exist
20-05-2023	21:38:19==============/favicon.ico====GET====NotFoundError: This route does not exist
20-05-2023	21:48:19==============/api/v1/guest/forgot_password/reset?token=T22pBEZc0SdQqwMEx0Wei2Eh2z2hT4MqOBJSWj8nWBQOoicxcvS&email=nguyenhuuthang9440@gmail.com====GET====ForbiddenError: Forbidden
20-05-2023	21:48:19==============/favicon.ico====GET====NotFoundError: This route does not exist
20-05-2023	26:50:19==============/api/v1/guest/forgot_password/reset?token=T22pBEZc0SdQqwMEx0Wei2Eh2z2hT4MqOBJSWj8nWBQOocxcvS&email=nguyenhuuthang9440@gmail.com====GET====ForbiddenError: Forbidden
20-05-2023	26:50:19==============/favicon.ico====GET====NotFoundError: This route does not exist
20-05-2023	06:16:20==============/api/v1/guest/forgot_password/reset?token=YD1yzIzYBWAnGZ32KYNUeWeJwqYkPDcS9vCJriUCMZY1YPFDbt&email=nguyenhuuthang9440@gmail.com====GET====ForbiddenError: Forbidden
20-05-2023	06:16:20==============/favicon.ico====GET====NotFoundError: This route does not exist
20-05-2023	34:17:20==============/api/v1/guest/forgot_password/reset====POST====InternalServerError: Internal Server Error
20-05-2023	03:49:21==============/api/v1/user/shop====GET====TypeError: C:\Users\nguye\Documents\HDT-Final-Project\src\api\v1\views\shop.ejs:289
    287| 
    288|             <div id="content_product" class="grid grid-cols-3 gap-6">
 >> 289|                 <% data.forEach(function(product){ %>
    290|                 <div class="bg-white shadow rounded overflow-hidden group">
    291|                     <div class="relative">
    292|                         <% for(let i =0; i < imagem.length; i++){ %>

Cannot read properties of undefined (reading 'forEach')
20-05-2023	03:49:21==============/favicon.ico====GET====NotFoundError: This route does not exist
