21-05-2023	34:59:09==============/api/v1/user/shop/paging====POST====NotFoundError: This route does not exist
21-05-2023	22:00:10==============/guest/shop====GET====NotFoundError: This route does not exist
21-05-2023	23:00:10==============/favicon.ico====GET====NotFoundError: This route does not exist
21-05-2023	40:55:12==============/api/v1/detail_product====GET====NotFoundError: This route does not exist
21-05-2023	40:55:12==============/favicon.ico====GET====NotFoundError: This route does not exist
21-05-2023	29:20:13==============/api/v1/product_detail/0932db75-17b3-49ba-be0e-81a88949eceb====GET====SyntaxError: Unexpected identifier in C:\Users\nguye\Documents\HDT-Final-Project\src\api\v1\views\product_detail.ejs while compiling ejs

If the above error is not helpful, you may want to try EJS-Lint:
https://github.com/RyanZim/EJS-Lint
Or, if you meant to create an async function, pass `async: true` as an option.
21-05-2023	29:20:13==============/favicon.ico====GET====NotFoundError: This route does not exist
21-05-2023	25:21:13==============/favicon.ico====GET====NotFoundError: This route does not exist
21-05-2023	33:21:13==============/api/v1/product_detail/0932db75-17b3-49ba-be0e-81a88949eceb====GET====SyntaxError: Unexpected identifier in C:\Users\nguye\Documents\HDT-Final-Project\src\api\v1\views\product_detail.ejs while compiling ejs

If the above error is not helpful, you may want to try EJS-Lint:
https://github.com/RyanZim/EJS-Lint
Or, if you meant to create an async function, pass `async: true` as an option.
21-05-2023	33:21:13==============/favicon.ico====GET====NotFoundError: This route does not exist
21-05-2023	42:25:13==============/api/v1/product_detail/456====GET====TypeError: C:\Users\nguye\Documents\HDT-Final-Project\src\api\v1\views\product_detail.ejs:146
    144| 
    145|         <div>
 >> 146|             <h2 class="text-3xl font-medium uppercase mb-2"><%= product[0].Product_name%></h2>
    147|             <div class="flex items-center mb-4">
    148|                 <div class="flex gap-1 text-sm text-yellow-400">
    149|                     <span><i class="fa-solid fa-star"></i></span>

Cannot read properties of undefined (reading 'Product_name')
21-05-2023	42:25:13==============/favicon.ico====GET====NotFoundError: This route does not exist
21-05-2023	23:26:13==============/api/v1/product_detail/89====GET====ForbiddenError: Forbidden
21-05-2023	23:26:13==============/favicon.ico====GET====NotFoundError: This route does not exist
21-05-2023	37:27:13==============/api/v1/admin/product====GET====ForbiddenError: Forbidden
21-05-2023	39:27:13==============/favicon.ico====GET====NotFoundError: This route does not exist
21-05-2023	43:06:14==============/api/v1/listimage====POST====NotFoundError: This route does not exist
21-05-2023	45:47:19==============/api/v1/product_detail/5724dcb2-b377-4dac-bb77-78d7e13306c0====GET====TypeError: C:\Users\nguye\Documents\HDT-Final-Project\src\api\v1\views\product_detail.ejs:326
    324|                 <div class="pt-4 pb-3 px-4">
    325|                     <a href="#">
 >> 326|                         <h4 class="uppercase font-medium text-xl mb-2 text-gray-800 hover:text-primary transition"><%= productCate[0].productdetail[i].Product_name %></h4>
    327|                     </a>
    328|                     <div class="flex items-baseline mb-1 space-x-2">
    329|                         <p class="text-xl text-primary font-semibold">$<%= productCate[0].productdetail[i].Price %></p>

Cannot read properties of undefined (reading 'Product_name')
21-05-2023	46:47:19==============/favicon.ico====GET====NotFoundError: This route does not exist
