23-05-2023	16:05:09==============/user/email/verify/75U9Ob2AlmrWQGBqH44gTFmLg====GET====NotFoundError: This route does not exist
23-05-2023	16:05:09==============/favicon.ico====GET====NotFoundError: This route does not exist
23-05-2023	12:23:09==============/customer/shop====GET====NotFoundError: This route does not exist
23-05-2023	12:23:09==============/favicon.ico====GET====NotFoundError: This route does not exist
23-05-2023	05:51:09==============/api/v1/user/shop====GET====NotFoundError: This route does not exist
23-05-2023	05:51:09==============/favicon.ico====GET====NotFoundError: This route does not exist
23-05-2023	34:09:10==============/api/v1/user/logout====GET====NotFoundError: This route does not exist
23-05-2023	34:09:10==============/favicon.ico====GET====NotFoundError: This route does not exist
23-05-2023	05:32:10==============/api/v1/user/newpass====GET====Error [ERR_HTTP_HEADERS_SENT]: Cannot set headers after they are sent to the client
23-05-2023	49:28:13==============/api/v1/user/cart====GET====ReferenceError: C:\Users\nguye\Documents\HDT-Final-Project\src\api\v1\views\cart.ejs:31
    29|           </div>
    30|           <div id="product_load">
 >> 31|           <!-- <% data.forEach(function(datas){ %> -->
    32|           <div class="flex items-center hover:bg-gray-100 -mx-8 px-6 py-5">
    33|             <div class="flex w-2/5"> <!-- product -->
    34|               <div class="w-20">

data is not defined
23-05-2023	49:28:13==============/favicon.ico====GET====NotFoundError: This route does not exist
23-05-2023	32:29:13==============/favicon.ico====GET====NotFoundError: This route does not exist
23-05-2023	05:40:13==============/favicon.ico====GET====NotFoundError: This route does not exist
23-05-2023	48:42:13==============/favicon.ico====GET====NotFoundError: This route does not exist
23-05-2023	20:45:13==============/favicon.ico====GET====NotFoundError: This route does not exist
23-05-2023	22:46:13==============/favicon.ico====GET====NotFoundError: This route does not exist
23-05-2023	21:50:13==============/favicon.ico====GET====NotFoundError: This route does not exist
23-05-2023	37:59:13==============/favicon.ico====GET====NotFoundError: This route does not exist
23-05-2023	00:01:14==============/favicon.ico====GET====NotFoundError: This route does not exist
23-05-2023	05:02:14==============/favicon.ico====GET====NotFoundError: This route does not exist
23-05-2023	58:04:14==============/favicon.ico====GET====NotFoundError: This route does not exist
23-05-2023	09:05:14==============/favicon.ico====GET====NotFoundError: This route does not exist
23-05-2023	06:07:14==============/favicon.ico====GET====NotFoundError: This route does not exist
23-05-2023	40:09:14==============/favicon.ico====GET====NotFoundError: This route does not exist
23-05-2023	25:10:14==============/favicon.ico====GET====NotFoundError: This route does not exist
23-05-2023	59:10:14==============/favicon.ico====GET====NotFoundError: This route does not exist
23-05-2023	29:11:14==============/favicon.ico====GET====NotFoundError: This route does not exist
23-05-2023	01:12:14==============/favicon.ico====GET====NotFoundError: This route does not exist
23-05-2023	34:12:14==============/favicon.ico====GET====NotFoundError: This route does not exist
23-05-2023	45:12:14==============/favicon.ico====GET====NotFoundError: This route does not exist
23-05-2023	21:13:14==============/favicon.ico====GET====NotFoundError: This route does not exist
23-05-2023	34:13:14==============/favicon.ico====GET====NotFoundError: This route does not exist
23-05-2023	48:13:14==============/favicon.ico====GET====NotFoundError: This route does not exist
23-05-2023	41:14:14==============/favicon.ico====GET====NotFoundError: This route does not exist
23-05-2023	50:14:14==============/favicon.ico====GET====NotFoundError: This route does not exist
23-05-2023	56:14:14==============/favicon.ico====GET====NotFoundError: This route does not exist
23-05-2023	13:15:14==============/favicon.ico====GET====NotFoundError: This route does not exist
23-05-2023	30:15:14==============/favicon.ico====GET====NotFoundError: This route does not exist
23-05-2023	45:15:14==============/favicon.ico====GET====NotFoundError: This route does not exist
23-05-2023	54:15:14==============/favicon.ico====GET====NotFoundError: This route does not exist
23-05-2023	12:17:14==============/favicon.ico====GET====NotFoundError: This route does not exist
23-05-2023	44:19:14==============/api/v1/user/cart====GET====TypeError: C:\Users\nguye\Documents\HDT-Final-Project\src\api\v1\views\cart.ejs:49
    47|                       <span class="m-auto text-2xl font-thin">−</span>
    48|                     </button>
 >> 49|                     <input type="number" readonly="true" class="focus:outline-none text-center w-full font-semibold text-md hover:text-black focus:text-black md:text-basecursor-default flex items-center text-gray-700  outline-none" name="custom-input-number" id="quantity" value="<%= product.cart_detail.Quantity%>"></input>
    50|                   <button id="increment" data-action="increment" class="bg-gray-300 text-gray-600 hover:text-gray-700 hover:bg-gray-400 h-full w-20 rounded-r cursor-pointer">
    51|                     <span class="m-auto text-2xl font-thin">+</span>
    52|                   </button>

Cannot read properties of undefined (reading 'Quantity')
23-05-2023	44:19:14==============/favicon.ico====GET====NotFoundError: This route does not exist
23-05-2023	10:20:14==============/favicon.ico====GET====NotFoundError: This route does not exist
23-05-2023	24:29:14==============/favicon.ico====GET====NotFoundError: This route does not exist
23-05-2023	17:30:14==============/favicon.ico====GET====NotFoundError: This route does not exist
23-05-2023	11:36:14==============/favicon.ico====GET====NotFoundError: This route does not exist
23-05-2023	19:36:14==============/favicon.ico====GET====NotFoundError: This route does not exist
23-05-2023	39:39:14==============/favicon.ico====GET====NotFoundError: This route does not exist
23-05-2023	35:40:14==============/favicon.ico====GET====NotFoundError: This route does not exist
23-05-2023	57:42:14==============/favicon.ico====GET====NotFoundError: This route does not exist
23-05-2023	08:43:14==============/favicon.ico====GET====NotFoundError: This route does not exist
23-05-2023	58:44:14==============/favicon.ico====GET====NotFoundError: This route does not exist
23-05-2023	07:48:14==============/favicon.ico====GET====NotFoundError: This route does not exist
23-05-2023	38:48:14==============/favicon.ico====GET====NotFoundError: This route does not exist
23-05-2023	04:49:14==============/favicon.ico====GET====NotFoundError: This route does not exist
23-05-2023	02:50:14==============/favicon.ico====GET====NotFoundError: This route does not exist
23-05-2023	33:52:14==============/favicon.ico====GET====NotFoundError: This route does not exist
23-05-2023	10:56:14==============/favicon.ico====GET====NotFoundError: This route does not exist
23-05-2023	33:56:14==============/favicon.ico====GET====NotFoundError: This route does not exist
23-05-2023	10:59:14==============/favicon.ico====GET====NotFoundError: This route does not exist
23-05-2023	39:01:15==============/favicon.ico====GET====NotFoundError: This route does not exist
23-05-2023	55:01:15==============/favicon.ico====GET====NotFoundError: This route does not exist
23-05-2023	30:02:15==============/favicon.ico====GET====NotFoundError: This route does not exist
23-05-2023	11:04:15==============/favicon.ico====GET====NotFoundError: This route does not exist
23-05-2023	29:04:15==============/favicon.ico====GET====NotFoundError: This route does not exist
23-05-2023	40:04:15==============/favicon.ico====GET====NotFoundError: This route does not exist
23-05-2023	22:06:15==============/favicon.ico====GET====NotFoundError: This route does not exist
23-05-2023	05:08:15==============/favicon.ico====GET====NotFoundError: This route does not exist
23-05-2023	45:08:15==============/favicon.ico====GET====NotFoundError: This route does not exist
23-05-2023	07:09:15==============/favicon.ico====GET====NotFoundError: This route does not exist
23-05-2023	44:12:15==============/favicon.ico====GET====NotFoundError: This route does not exist
23-05-2023	08:14:15==============/favicon.ico====GET====NotFoundError: This route does not exist
23-05-2023	15:15:15==============/favicon.ico====GET====NotFoundError: This route does not exist
23-05-2023	57:15:15==============/favicon.ico====GET====NotFoundError: This route does not exist
23-05-2023	36:19:15==============/favicon.ico====GET====NotFoundError: This route does not exist
23-05-2023	03:21:15==============/favicon.ico====GET====NotFoundError: This route does not exist
23-05-2023	49:21:15==============/favicon.ico====GET====NotFoundError: This route does not exist
23-05-2023	03:22:15==============/favicon.ico====GET====NotFoundError: This route does not exist
23-05-2023	22:23:15==============/favicon.ico====GET====NotFoundError: This route does not exist
23-05-2023	52:23:15==============/favicon.ico====GET====NotFoundError: This route does not exist
23-05-2023	38:24:15==============/favicon.ico====GET====NotFoundError: This route does not exist
23-05-2023	42:24:15==============/favicon.ico====GET====NotFoundError: This route does not exist
23-05-2023	52:24:15==============/favicon.ico====GET====NotFoundError: This route does not exist
23-05-2023	15:27:15==============/favicon.ico====GET====NotFoundError: This route does not exist
23-05-2023	23:29:15==============/favicon.ico====GET====NotFoundError: This route does not exist
23-05-2023	31:30:15==============/favicon.ico====GET====NotFoundError: This route does not exist
23-05-2023	49:58:15==============/favicon.ico====GET====NotFoundError: This route does not exist
23-05-2023	36:59:15==============/favicon.ico====GET====NotFoundError: This route does not exist
23-05-2023	56:59:15==============/favicon.ico====GET====NotFoundError: This route does not exist
23-05-2023	58:01:16==============/favicon.ico====GET====NotFoundError: This route does not exist
23-05-2023	46:02:16==============/favicon.ico====GET====NotFoundError: This route does not exist
23-05-2023	03:03:16==============/favicon.ico====GET====NotFoundError: This route does not exist
23-05-2023	37:04:16==============/favicon.ico====GET====NotFoundError: This route does not exist
23-05-2023	36:06:16==============/favicon.ico====GET====NotFoundError: This route does not exist
23-05-2023	02:22:19==============/favicon.ico====GET====NotFoundError: This route does not exist
23-05-2023	35:22:19==============/favicon.ico====GET====NotFoundError: This route does not exist
23-05-2023	53:23:19==============/favicon.ico====GET====NotFoundError: This route does not exist
23-05-2023	54:23:19==============/api/v1/cart====POST====NotFoundError: This route does not exist
23-05-2023	08:25:19==============/favicon.ico====GET====NotFoundError: This route does not exist
23-05-2023	10:25:19==============/api/v1/cart====POST====NotFoundError: This route does not exist
23-05-2023	20:27:19==============/favicon.ico====GET====NotFoundError: This route does not exist
23-05-2023	21:27:19==============/api/v1/cart====POST====NotFoundError: This route does not exist
23-05-2023	56:27:19==============/favicon.ico====GET====NotFoundError: This route does not exist
23-05-2023	01:28:19==============/favicon.ico====GET====NotFoundError: This route does not exist
23-05-2023	28:28:19==============/favicon.ico====GET====NotFoundError: This route does not exist
23-05-2023	34:28:19==============/favicon.ico====GET====NotFoundError: This route does not exist
23-05-2023	43:29:19==============/favicon.ico====GET====NotFoundError: This route does not exist
23-05-2023	01:30:19==============/favicon.ico====GET====NotFoundError: This route does not exist
23-05-2023	14:32:19==============/favicon.ico====GET====NotFoundError: This route does not exist
23-05-2023	39:32:19==============/favicon.ico====GET====NotFoundError: This route does not exist
23-05-2023	40:33:19==============/favicon.ico====GET====NotFoundError: This route does not exist
23-05-2023	51:33:19==============/favicon.ico====GET====NotFoundError: This route does not exist
23-05-2023	58:34:19==============/favicon.ico====GET====NotFoundError: This route does not exist
23-05-2023	48:35:19==============/favicon.ico====GET====NotFoundError: This route does not exist
23-05-2023	51:41:19==============/favicon.ico====GET====NotFoundError: This route does not exist
23-05-2023	20:42:19==============/favicon.ico====GET====NotFoundError: This route does not exist
23-05-2023	35:42:19==============/favicon.ico====GET====NotFoundError: This route does not exist
23-05-2023	00:43:19==============/favicon.ico====GET====NotFoundError: This route does not exist
23-05-2023	37:43:19==============/favicon.ico====GET====NotFoundError: This route does not exist
23-05-2023	32:44:19==============/favicon.ico====GET====NotFoundError: This route does not exist
23-05-2023	13:45:19==============/favicon.ico====GET====NotFoundError: This route does not exist
23-05-2023	22:45:19==============/favicon.ico====GET====NotFoundError: This route does not exist
23-05-2023	30:45:19==============/favicon.ico====GET====NotFoundError: This route does not exist
23-05-2023	12:48:19==============/favicon.ico====GET====NotFoundError: This route does not exist
23-05-2023	28:48:19==============/favicon.ico====GET====NotFoundError: This route does not exist
23-05-2023	47:51:19==============/favicon.ico====GET====NotFoundError: This route does not exist
23-05-2023	47:12:20==============/favicon.ico====GET====NotFoundError: This route does not exist
23-05-2023	40:13:20==============/favicon.ico====GET====NotFoundError: This route does not exist
23-05-2023	08:16:20==============/favicon.ico====GET====NotFoundError: This route does not exist
23-05-2023	41:20:20==============/favicon.ico====GET====NotFoundError: This route does not exist
23-05-2023	03:21:20==============/favicon.ico====GET====NotFoundError: This route does not exist
23-05-2023	14:21:20==============/favicon.ico====GET====NotFoundError: This route does not exist
23-05-2023	27:21:20==============/favicon.ico====GET====NotFoundError: This route does not exist
23-05-2023	23:37:20==============/favicon.ico====GET====NotFoundError: This route does not exist
23-05-2023	32:37:20==============/favicon.ico====GET====NotFoundError: This route does not exist
23-05-2023	39:37:20==============/favicon.ico====GET====NotFoundError: This route does not exist
23-05-2023	21:38:20==============/favicon.ico====GET====NotFoundError: This route does not exist
23-05-2023	30:38:20==============/favicon.ico====GET====NotFoundError: This route does not exist
23-05-2023	59:39:20==============/favicon.ico====GET====NotFoundError: This route does not exist
23-05-2023	22:40:20==============/favicon.ico====GET====NotFoundError: This route does not exist
23-05-2023	11:41:20==============/favicon.ico====GET====NotFoundError: This route does not exist
23-05-2023	25:42:20==============/favicon.ico====GET====NotFoundError: This route does not exist
23-05-2023	04:45:20==============/favicon.ico====GET====NotFoundError: This route does not exist
23-05-2023	08:45:20==============/favicon.ico====GET====NotFoundError: This route does not exist
23-05-2023	09:46:20==============/favicon.ico====GET====NotFoundError: This route does not exist
23-05-2023	13:46:20==============/favicon.ico====GET====NotFoundError: This route does not exist
23-05-2023	57:16:21==============/favicon.ico====GET====NotFoundError: This route does not exist
23-05-2023	00:18:21==============/favicon.ico====GET====NotFoundError: This route does not exist
23-05-2023	53:18:21==============/favicon.ico====GET====NotFoundError: This route does not exist
23-05-2023	17:21:21==============/favicon.ico====GET====NotFoundError: This route does not exist
23-05-2023	05:22:21==============/favicon.ico====GET====NotFoundError: This route does not exist
23-05-2023	33:22:21==============/favicon.ico====GET====NotFoundError: This route does not exist
23-05-2023	58:22:21==============/favicon.ico====GET====NotFoundError: This route does not exist
23-05-2023	15:23:21==============/favicon.ico====GET====NotFoundError: This route does not exist
23-05-2023	01:24:21==============/favicon.ico====GET====NotFoundError: This route does not exist
23-05-2023	06:24:21==============/favicon.ico====GET====NotFoundError: This route does not exist
23-05-2023	53:24:21==============/favicon.ico====GET====NotFoundError: This route does not exist
23-05-2023	12:27:21==============/favicon.ico====GET====NotFoundError: This route does not exist
23-05-2023	28:27:21==============/favicon.ico====GET====NotFoundError: This route does not exist
23-05-2023	45:27:21==============/favicon.ico====GET====NotFoundError: This route does not exist
23-05-2023	26:28:21==============/favicon.ico====GET====NotFoundError: This route does not exist
23-05-2023	29:28:21==============/favicon.ico====GET====NotFoundError: This route does not exist
23-05-2023	18:33:21==============/favicon.ico====GET====NotFoundError: This route does not exist
23-05-2023	59:33:21==============/favicon.ico====GET====NotFoundError: This route does not exist
23-05-2023	21:38:21==============/favicon.ico====GET====NotFoundError: This route does not exist
23-05-2023	55:38:21==============/favicon.ico====GET====NotFoundError: This route does not exist
23-05-2023	03:39:21==============/favicon.ico====GET====NotFoundError: This route does not exist
23-05-2023	14:39:21==============/favicon.ico====GET====NotFoundError: This route does not exist
23-05-2023	04:41:21==============/favicon.ico====GET====NotFoundError: This route does not exist
23-05-2023	23:41:21==============/favicon.ico====GET====NotFoundError: This route does not exist
23-05-2023	24:48:21==============/favicon.ico====GET====NotFoundError: This route does not exist
23-05-2023	34:48:21==============/favicon.ico====GET====NotFoundError: This route does not exist
23-05-2023	13:49:21==============/favicon.ico====GET====NotFoundError: This route does not exist
23-05-2023	26:49:21==============/favicon.ico====GET====NotFoundError: This route does not exist
23-05-2023	48:50:21==============/favicon.ico====GET====NotFoundError: This route does not exist
23-05-2023	57:50:21==============/favicon.ico====GET====NotFoundError: This route does not exist
23-05-2023	29:54:21==============/favicon.ico====GET====NotFoundError: This route does not exist
23-05-2023	44:54:21==============/favicon.ico====GET====NotFoundError: This route does not exist
23-05-2023	09:56:21==============/favicon.ico====GET====NotFoundError: This route does not exist
23-05-2023	17:56:21==============/favicon.ico====GET====NotFoundError: This route does not exist
23-05-2023	10:57:21==============/favicon.ico====GET====NotFoundError: This route does not exist
23-05-2023	16:57:21==============/favicon.ico====GET====NotFoundError: This route does not exist
23-05-2023	26:57:21==============/favicon.ico====GET====NotFoundError: This route does not exist
23-05-2023	29:58:21==============/favicon.ico====GET====NotFoundError: This route does not exist
23-05-2023	35:58:21==============/favicon.ico====GET====NotFoundError: This route does not exist
23-05-2023	20:00:22==============/favicon.ico====GET====NotFoundError: This route does not exist
23-05-2023	27:00:22==============/favicon.ico====GET====NotFoundError: This route does not exist
23-05-2023	58:00:22==============/favicon.ico====GET====NotFoundError: This route does not exist
23-05-2023	36:01:22==============/favicon.ico====GET====NotFoundError: This route does not exist
23-05-2023	15:02:22==============/favicon.ico====GET====NotFoundError: This route does not exist
23-05-2023	25:02:22==============/favicon.ico====GET====NotFoundError: This route does not exist
