25-05-2023	25:30:08==============/favicon.ico====GET====NotFoundError: This route does not exist
25-05-2023	50:37:08==============/favicon.ico====GET====NotFoundError: This route does not exist
25-05-2023	52:37:08==============/favicon.ico====GET====NotFoundError: This route does not exist
25-05-2023	51:42:08==============/favicon.ico====GET====NotFoundError: This route does not exist
25-05-2023	54:50:08==============/favicon.ico====GET====NotFoundError: This route does not exist
25-05-2023	14:03:09==============/====GET====NotFoundError: This route does not exist
25-05-2023	14:03:09==============/favicon.ico====GET====NotFoundError: This route does not exist
25-05-2023	51:05:09==============/favicon.ico====GET====NotFoundError: This route does not exist
25-05-2023	08:07:09==============/favicon.ico====GET====NotFoundError: This route does not exist
25-05-2023	01:08:09==============/favicon.ico====GET====NotFoundError: This route does not exist
25-05-2023	29:14:09==============/favicon.ico====GET====NotFoundError: This route does not exist
25-05-2023	04:21:09==============/favicon.ico====GET====NotFoundError: This route does not exist
25-05-2023	34:30:09==============/favicon.ico====GET====NotFoundError: This route does not exist
25-05-2023	52:30:09==============/favicon.ico====GET====NotFoundError: This route does not exist
25-05-2023	57:39:09==============/favicon.ico====GET====NotFoundError: This route does not exist
25-05-2023	05:40:09==============/customer/shop====GET====NotFoundError: This route does not exist
25-05-2023	05:40:09==============/favicon.ico====GET====NotFoundError: This route does not exist
25-05-2023	30:41:09==============/favicon.ico====GET====NotFoundError: This route does not exist
25-05-2023	49:41:09==============/favicon.ico====GET====NotFoundError: This route does not exist
25-05-2023	09:42:09==============/favicon.ico====GET====NotFoundError: This route does not exist
25-05-2023	05:43:09==============/favicon.ico====GET====NotFoundError: This route does not exist
25-05-2023	14:44:09==============/api/v1/user/shop====GET====NotFoundError: This route does not exist
25-05-2023	32:06:10==============/favicon.ico====GET====NotFoundError: This route does not exist
25-05-2023	23:12:10==============/favicon.ico====GET====NotFoundError: This route does not exist
25-05-2023	08:13:10==============/favicon.ico====GET====NotFoundError: This route does not exist
25-05-2023	14:13:10==============/favicon.ico====GET====NotFoundError: This route does not exist
25-05-2023	29:16:10==============/favicon.ico====GET====NotFoundError: This route does not exist
25-05-2023	42:17:10==============/favicon.ico====GET====NotFoundError: This route does not exist
25-05-2023	12:20:10==============/favicon.ico====GET====NotFoundError: This route does not exist
25-05-2023	52:20:10==============/favicon.ico====GET====NotFoundError: This route does not exist
25-05-2023	51:21:10==============/favicon.ico====GET====NotFoundError: This route does not exist
25-05-2023	24:22:10==============/favicon.ico====GET====NotFoundError: This route does not exist
25-05-2023	50:22:10==============/favicon.ico====GET====NotFoundError: This route does not exist
25-05-2023	58:25:10==============/favicon.ico====GET====NotFoundError: This route does not exist
25-05-2023	37:26:10==============/favicon.ico====GET====NotFoundError: This route does not exist
25-05-2023	40:26:10==============/favicon.ico====GET====NotFoundError: This route does not exist
25-05-2023	20:29:10==============/favicon.ico====GET====NotFoundError: This route does not exist
25-05-2023	11:30:10==============/favicon.ico====GET====NotFoundError: This route does not exist
25-05-2023	39:31:10==============/favicon.ico====GET====NotFoundError: This route does not exist
25-05-2023	22:32:10==============/favicon.ico====GET====NotFoundError: This route does not exist
25-05-2023	09:48:13==============/api/v1/user/shop====GET====NotFoundError: This route does not exist
25-05-2023	25:48:13==============/favicon.ico====GET====NotFoundError: This route does not exist
25-05-2023	45:57:13==============/api/v1/admin/order====GET====ReferenceError: C:\Users\nguye\Documents\HDT-Final-Project\src\api\v1\views\order.ejs:236
    234|                         </thead>
    235|                         <tbody class="bg-white divide-y divide-gray-200">
 >> 236|                             <% for(let i = 0; i < Object.keys(data).length; i++){ %>
    237|                             <tr class="hover:bg-gray-100">
    238|                                 <td class="p-4 w-4">
    239|                                     <div class="flex items-center">

data is not defined
25-05-2023	45:57:13==============/favicon.ico====GET====NotFoundError: This route does not exist
25-05-2023	11:15:14==============/favicon.ico====GET====NotFoundError: This route does not exist
25-05-2023	17:17:14==============/favicon.ico====GET====NotFoundError: This route does not exist
25-05-2023	39:45:15==============/api/v1/user/shop====GET====NotFoundError: This route does not exist
25-05-2023	33:14:19==============/api/v1/admin/order_item/33a45b5b-7991-46e3-84c5-54e3f8d634bc====GET====ReferenceError: C:\Users\nguye\Documents\HDT-Final-Project\src\api\v1\views\order_item.ejs:171
    169|                     </ol>
    170|                 </nav>
 >> 171|                 <h1 class="text-xl sm:text-2xl font-semibold text-gray-900"><%= data.Product_name%></h1>
    172|             </div>
    173|             <div class="block sm:flex items-center md:divide-x md:divide-gray-100">
    174|                 <form class="sm:pr-3 mb-4 sm:mb-0" action="#" method="GET">

data is not defined
25-05-2023	33:14:19==============/favicon.ico====GET====NotFoundError: This route does not exist
25-05-2023	05:15:19==============/api/v1/admin/order_item/33a45b5b-7991-46e3-84c5-54e3f8d634bc====GET====ReferenceError: C:\Users\nguye\Documents\HDT-Final-Project\src\api\v1\views\order_item.ejs:171
    169|                     </ol>
    170|                 </nav>
 >> 171|                 <h1 class="text-xl sm:text-2xl font-semibold text-gray-900"><%= data.Product_name%></h1>
    172|             </div>
    173|             <div class="block sm:flex items-center md:divide-x md:divide-gray-100">
    174|                 <form class="sm:pr-3 mb-4 sm:mb-0" action="#" method="GET">

data is not defined
25-05-2023	05:15:19==============/favicon.ico====GET====NotFoundError: This route does not exist
25-05-2023	30:15:19==============/api/v1/admin/order_item/33a45b5b-7991-46e3-84c5-54e3f8d634bc====GET====ReferenceError: C:\Users\nguye\Documents\HDT-Final-Project\src\api\v1\views\order_item.ejs:171
    169|                     </ol>
    170|                 </nav>
 >> 171|                 <h1 class="text-xl sm:text-2xl font-semibold text-gray-900"><%= data.Product_name%></h1>
    172|             </div>
    173|             <div class="block sm:flex items-center md:divide-x md:divide-gray-100">
    174|                 <form class="sm:pr-3 mb-4 sm:mb-0" action="#" method="GET">

data is not defined
25-05-2023	30:15:19==============/favicon.ico====GET====NotFoundError: This route does not exist
25-05-2023	27:16:19==============/api/v1/admin/order_item/33a45b5b-7991-46e3-84c5-54e3f8d634bc====GET====ReferenceError: C:\Users\nguye\Documents\HDT-Final-Project\src\api\v1\views\order_item.ejs:171
    169|                     </ol>
    170|                 </nav>
 >> 171|                 <h1 class="text-xl sm:text-2xl font-semibold text-gray-900"><%= data.Product_name%></h1>
    172|             </div>
    173|             <div class="block sm:flex items-center md:divide-x md:divide-gray-100">
    174|                 <form class="sm:pr-3 mb-4 sm:mb-0" action="#" method="GET">

data is not defined
25-05-2023	27:16:19==============/favicon.ico====GET====NotFoundError: This route does not exist
25-05-2023	37:42:19==============/api/v1/admin/order_item/33a45b5bdsd====GET====TypeError: C:\Users\nguye\Documents\HDT-Final-Project\src\api\v1\views\order_item.ejs:171
    169|                     </ol>
    170|                 </nav>
 >> 171|                 <h1 class="text-xl sm:text-2xl font-semibold text-gray-900">#Order <%= order[0].id.slice(0,4) %></h1>
    172|             </div>
    173|             <div class="block sm:flex items-center md:divide-x md:divide-gray-100">
    174|                 <form class="sm:pr-3 mb-4 sm:mb-0" action="#" method="GET">

Cannot read properties of undefined (reading 'id')
25-05-2023	37:42:19==============/favicon.ico====GET====NotFoundError: This route does not exist
25-05-2023	56:42:19==============/api/v1/admin/order_item/33a45b5b-7991-46e3dsd====GET====TypeError: C:\Users\nguye\Documents\HDT-Final-Project\src\api\v1\views\order_item.ejs:171
    169|                     </ol>
    170|                 </nav>
 >> 171|                 <h1 class="text-xl sm:text-2xl font-semibold text-gray-900">#Order <%= order[0].id.slice(0,4) %></h1>
    172|             </div>
    173|             <div class="block sm:flex items-center md:divide-x md:divide-gray-100">
    174|                 <form class="sm:pr-3 mb-4 sm:mb-0" action="#" method="GET">

Cannot read properties of undefined (reading 'id')
25-05-2023	56:42:19==============/favicon.ico====GET====NotFoundError: This route does not exist
25-05-2023	16:43:19==============/api/v1/admin/order_item/33a45b5b-7991-46efd====GET====TypeError: C:\Users\nguye\Documents\HDT-Final-Project\src\api\v1\views\order_item.ejs:171
    169|                     </ol>
    170|                 </nav>
 >> 171|                 <h1 class="text-xl sm:text-2xl font-semibold text-gray-900">#Order <%= order[0].id.slice(0,4) %></h1>
    172|             </div>
    173|             <div class="block sm:flex items-center md:divide-x md:divide-gray-100">
    174|                 <form class="sm:pr-3 mb-4 sm:mb-0" action="#" method="GET">

Cannot read properties of undefined (reading 'id')
25-05-2023	16:43:19==============/favicon.ico====GET====NotFoundError: This route does not exist
25-05-2023	31:46:20==============/api/v1/user/shop====GET====NotFoundError: This route does not exist
25-05-2023	31:24:21==============/favicon.ico====GET====NotFoundError: This route does not exist
25-05-2023	03:26:21==============/favicon.ico====GET====NotFoundError: This route does not exist
25-05-2023	48:13:22==============/api/v1/user/order_history====GET====SyntaxError: missing ) after argument list in C:\Users\nguye\Documents\HDT-Final-Project\src\api\v1\views\order_history.ejs while compiling ejs

If the above error is not helpful, you may want to try EJS-Lint:
https://github.com/RyanZim/EJS-Lint
Or, if you meant to create an async function, pass `async: true` as an option.
25-05-2023	48:13:22==============/favicon.ico====GET====NotFoundError: This route does not exist
25-05-2023	00:16:22==============/api/v1/user/order_history====GET====SyntaxError: missing ) after argument list in C:\Users\nguye\Documents\HDT-Final-Project\src\api\v1\views\order_history.ejs while compiling ejs

If the above error is not helpful, you may want to try EJS-Lint:
https://github.com/RyanZim/EJS-Lint
Or, if you meant to create an async function, pass `async: true` as an option.
25-05-2023	00:16:22==============/favicon.ico====GET====NotFoundError: This route does not exist
