28-05-2023	02:55:08==============/====GET====NotFoundError: This route does not exist
28-05-2023	02:55:08==============/favicon.ico====GET====NotFoundError: This route does not exist
28-05-2023	17:31:10==============/favicon.ico====GET====NotFoundError: This route does not exist
28-05-2023	30:31:10==============/favicon.ico====GET====NotFoundError: This route does not exist
28-05-2023	13:32:10==============/favicon.ico====GET====NotFoundError: This route does not exist
28-05-2023	08:33:10==============/favicon.ico====GET====NotFoundError: This route does not exist
28-05-2023	49:46:13==============/favicon.ico====GET====NotFoundError: This route does not exist
28-05-2023	59:53:14==============/api/v1/admin/refund====POST====ReferenceError: moment is not defined
28-05-2023	21:55:14==============/api/v1/admin/refund====POST====ReferenceError: request is not defined
28-05-2023	15:10:19==============/favicon.ico====GET====NotFoundError: This route does not exist
28-05-2023	33:10:19==============/favicon.ico====GET====NotFoundError: This route does not exist
28-05-2023	45:10:19==============/favicon.ico====GET====NotFoundError: This route does not exist
28-05-2023	46:11:19==============/favicon.ico====GET====NotFoundError: This route does not exist
28-05-2023	22:17:19==============/favicon.ico====GET====NotFoundError: This route does not exist
28-05-2023	38:17:19==============/favicon.ico====GET====NotFoundError: This route does not exist
28-05-2023	55:17:19==============/favicon.ico====GET====NotFoundError: This route does not exist
28-05-2023	03:18:19==============/favicon.ico====GET====NotFoundError: This route does not exist
28-05-2023	03:20:19==============/favicon.ico====GET====NotFoundError: This route does not exist
28-05-2023	25:20:19==============/favicon.ico====GET====NotFoundError: This route does not exist
28-05-2023	27:20:19==============/favicon.ico====GET====NotFoundError: This route does not exist
28-05-2023	34:20:19==============/favicon.ico====GET====NotFoundError: This route does not exist
28-05-2023	44:20:19==============/favicon.ico====GET====NotFoundError: This route does not exist
28-05-2023	52:20:19==============/favicon.ico====GET====NotFoundError: This route does not exist
28-05-2023	15:21:19==============/favicon.ico====GET====NotFoundError: This route does not exist
28-05-2023	34:23:19==============/favicon.ico====GET====NotFoundError: This route does not exist
28-05-2023	48:39:19==============/favicon.ico====GET====NotFoundError: This route does not exist
28-05-2023	51:39:19==============/favicon.ico====GET====NotFoundError: This route does not exist
28-05-2023	51:40:19==============/favicon.ico====GET====NotFoundError: This route does not exist
28-05-2023	57:44:19==============/favicon.ico====GET====NotFoundError: This route does not exist
28-05-2023	03:47:19==============/favicon.ico====GET====NotFoundError: This route does not exist
28-05-2023	52:47:19==============/favicon.ico====GET====NotFoundError: This route does not exist
28-05-2023	42:54:19==============/favicon.ico====GET====NotFoundError: This route does not exist
28-05-2023	56:55:19==============/favicon.ico====GET====NotFoundError: This route does not exist
28-05-2023	43:58:19==============/favicon.ico====GET====NotFoundError: This route does not exist
28-05-2023	12:59:19==============/favicon.ico====GET====NotFoundError: This route does not exist
28-05-2023	36:47:20==============/api/v1/admin/refund====POST====InternalServerError: Internal Server Error
28-05-2023	44:12:21==============/favicon.ico====GET====NotFoundError: This route does not exist
28-05-2023	21:14:21==============/favicon.ico====GET====NotFoundError: This route does not exist
