29-05-2023	46:53:19==============/api/v1/user/shop====GET====NotFoundError: This route does not exist
29-05-2023	47:53:19==============/favicon.ico====GET====NotFoundError: This route does not exist
29-05-2023	45:15:20==============/api/v1/guest/facebook/callback?code=AQAgCaiaT2upWxTwffA_XfgJaj6eTiZTWMW7kw2Ukm5mXq4mgcMTEri-tMs0Tqw652y1mVW4pRUeBUn7rbuOpoAs7rmDo94LacD-NwRwY7zLq-dW4JfuWFoSaCnqzpcwhSg62Ca6gbxGdibicbRee4D-GS20-X88NzzdlURhm70Mv7RlDD3J0RoeQhvsNVxg_smO1ruvdFzYNsnRYQtHucep1mrTpO0SNEWO6f_SzZNl-ZZxosX9K-ZBepfwadCFo25je5MKpEq_Wyt8PvFmRerBV3LqsiNbpkGre5EzfWKWH4KM02PdgWbgyqyqFn5Ds_RtYVqMpr4B1xVBc-O3PXI2bcSyFPAvUd9Kterv2Ha21wVyo8cKRUqS5guocZ4GmA_-yNoOk2ud7DisaJLVvrwU0Lkbv_FmD52nPXYvhqjzcA====GET====TypeError: Assignment to constant variable.
29-05-2023	45:15:20==============/favicon.ico====GET====NotFoundError: This route does not exist
29-05-2023	28:16:20==============/api/v1/guest/facebook/callback?code=AQDLCF4YWzOZtgjkwSy_ILg3hwoXoCD9uSUUM8MLqloNqa5BnHLQC0e2iYp34SHkodj7g2y3Vq3IOAYZH0pRgZLJSbaa1az67JQozp03UAHMZORdDlhOmnw97G45DCnSNSOxe2BoEO1_5jAciv-Z07HnHvNhc__RcUAHKKfqEWfXDy9ELZJxeGpMIDw_5yBPMRdFpaBZEvnHipFu1AuM5ODIw8tFngJT9Zlvu5xLrMSF0CVQG2q5nqTW-saZ3UMkVxLWZ1fGX-z0SKrRSW1-h9ACpPJQPfkJjq7Os1bwDd9MuVs0jKsWVnMqSgF7BQmt6pBOGE3xlza-O8BxakoqEnHCbkG2Xxi4GzFoJWkhuAxbN_H5hEL6R1KbvSWbzQfgxgBIkXzk-fJZ3_EqldU8pfjgNFg75Bo8-XmFbGaNij6SRQ====GET====TypeError: Assignment to constant variable.
29-05-2023	28:16:20==============/favicon.ico====GET====NotFoundError: This route does not exist
29-05-2023	01:18:20==============/api/v1/guest/facebook/callback?code=AQBeCnOMDYeNPDDK9jZCeJsG-sgZjegLsEEO8Le7ILkJfTrb-QDt75iRQBKya2Ra05Xlx_sb4A9rOBJfNvePMVdQn-xNjhRSxh0N-mVq0VymEXQD1k7prfe7nktPFJUCIG4hbKCaqtK8iGvd2I451Znh6UlvwsiDAXfy6KV3OZBpuYZofhlhEQZm3wX2E7CYzDEnUaszG5t1Bim6GwoqRvhv1mbH4Wygd_cvczqDvBQh_3qRNNwRMlDgNUrGf_s95Vh1-DKwqhA1PDzlZQ8iSfQ1BC_sZQApy14PD2xcu_wl52cxe04FZmw2KEX-xSAaaU6oC7HdGqCGPCLiM56FLuKXp_ltIh9G1OvmtruosI-Fgg2Xtrwu0L92-oO5MBORLmZ2XxVrzU8jl3HDm9G_n8s1tmrw5HKe1dsrxnDSybJWlg====GET====TypeError: Assignment to constant variable.
29-05-2023	01:18:20==============/favicon.ico====GET====NotFoundError: This route does not exist
29-05-2023	34:22:20==============/api/v1/guest/google/callback?code=4%2F0AbUR2VMnOev33en6Fq2THV--UaFCEnJEh1HzYfaR675Gw29_pXX3HdI_B4X2HWk3K7gT-A&scope=email+profile+https%3A%2F%2Fwww.googleapis.com%2Fauth%2Fuserinfo.profile+https%3A%2F%2Fwww.googleapis.com%2Fauth%2Fuserinfo.email+openid&authuser=0&prompt=none====GET====TypeError: Assignment to constant variable.
29-05-2023	34:22:20==============/favicon.ico====GET====NotFoundError: This route does not exist
29-05-2023	42:22:20==============/api/v1/guest/google/callback?code=4%2F0AbUR2VMnOev33en6Fq2THV--UaFCEnJEh1HzYfaR675Gw29_pXX3HdI_B4X2HWk3K7gT-A&scope=email+profile+https%3A%2F%2Fwww.googleapis.com%2Fauth%2Fuserinfo.profile+https%3A%2F%2Fwww.googleapis.com%2Fauth%2Fuserinfo.email+openid&authuser=0&prompt=none====GET====TokenError: Bad Request
29-05-2023	43:22:20==============/favicon.ico====GET====NotFoundError: This route does not exist
29-05-2023	47:23:20==============/api/v1/guest/google/callback?code=4%2F0AbUR2VPqX6wDtHQp2K97cuOuFijht0widg59UWkFlZBieI70Cpjp7MlIqFe1djeCtuXQLw&scope=email+profile+https%3A%2F%2Fwww.googleapis.com%2Fauth%2Fuserinfo.email+openid+https%3A%2F%2Fwww.googleapis.com%2Fauth%2Fuserinfo.profile&authuser=0&prompt=none====GET====TypeError: Assignment to constant variable.
29-05-2023	47:23:20==============/favicon.ico====GET====NotFoundError: This route does not exist
29-05-2023	18:26:20==============/api/v1/guest/google/callback?code=4%2F0AbUR2VO0MoAji9FKtBysOiGQNsX6rnhRcRE8x28f8okVEUMK3J6JtiGIAuThT1QQKwa4aQ&scope=email+profile+https%3A%2F%2Fwww.googleapis.com%2Fauth%2Fuserinfo.profile+https%3A%2F%2Fwww.googleapis.com%2Fauth%2Fuserinfo.email+openid&authuser=0&prompt=consent====GET====TypeError: Assignment to constant variable.
29-05-2023	19:26:20==============/favicon.ico====GET====NotFoundError: This route does not exist
29-05-2023	49:26:20==============/api/v1/guest/facebook/callback?code=AQAqWIyPq4P-v0LjBw3AY6Jsa_PsNGB9O3iQIHjzrw9Ud44zo_iWDu1f5uc6QBzbVUJc2GUMJs3pDBuMf8EBaOR1I_zbBgKzBXn8H5vE-TD4FIuSA_RcI4TCYd4XrQngwAA8DDTduY2Ih0oN0YM06S0ahKPUexlOZk02GGBaI8dR4strryYX6Pvz5m23U3EN9-6aoS6evCDPTl30VWpe80m3Vumwz6QxzezhVeD0mv3GSJZoG6yTYERg-G__Xne8XdqMYnrewq0YG1Tx5qG3X4GVyeJ17bz0K31A_1Fv1PyooJ6QK-q2G-4bqVVR8B_i6yuTmL7UxQXcK6ig5dYVTQB6AX3edaD6-cdkmvPWLsNjOvUbMR7uonAZsSCyxMBqmnciWcrv3IAGPKpYN_Q0FVHTlIUHKuxu3J306_FlHRC1Bw====GET====TypeError: Cannot read properties of undefined (reading '0')
29-05-2023	50:26:20==============/favicon.ico====GET====NotFoundError: This route does not exist
29-05-2023	07:27:20==============/api/v1/guest/facebook/callback?code=AQCgUQjmt5yF8Q1RRG2M4oLb7ouKF7139c-gz7MXOksBeiiSFKiGuH-j09r2bevnRh6eK3xEpkCPK6B3sJBiKkc7NH0JY50Dqn00XIi2vmxPXcRqe7CX2gFRz0GMmLiARUzHtjI02Zkf8IppZoVW1AiCgREa0cchtKicKyX8aG6jfuD7TYZY9ttwmslyoQHJxLDb45fYGZdWFgLewhPF3dIr2VRuVGubk_p1_gI5tgg_d0RH8F18lh-40gotJ9oYpzmPbPU6wFkyxIHVWdz-B21UaWTEODWD3G_BH7xn8kCr9NTYCvzC0UZQZYRlnXH3NgNeHO5TKGEv6rkF_lPA3YL6iW815DGYG5vJ_jPfrk-hjKqC40D5Xj5ZSFGtLfZA-GJDZKPxNZiu-uvi21VU8fJiusC2rLuVw5XYQoPN4I0IyA====GET====TypeError: Cannot read properties of undefined (reading '0')
29-05-2023	07:27:20==============/favicon.ico====GET====NotFoundError: This route does not exist
29-05-2023	04:30:20==============/api/v1/guest/facebook/callback?code=AQAwWYT9KhXTGUNkPyFqsquWpsvAdpRmZMRB_yZSleMxG6z4KDqHZCmjz0m56zhpBw0JYumyWIiN8L0PkyH_UTVZ1ejjKhLs3TS-Q3P-Rda7MvIPLOmfRWzLsmbxzUokxX-jFrVOU28oHFGQ0G1KOsqDQJyOuNk-fnFUb_x3Qe-a0RIZjTGs_DmUEM0zeQQ3xn7BiAo0lvj6zo8_ad_EYohbHMdk4rAh_sl9kUgnWzguvQg5WhqBSBa-nVVHpG_igPA5-28ufFUp5rXi5xTYGRxgJzfBtRVDIbtbsWJvOT2GWNzrbpngX-bCnes-S-fAf0sjZcQzkbYwySI6Td_MMIgnSulaMbSLNoCKNyyS4lNTo-LgQZm5LIwNu7yhwNrBpykkwOmrn1PQ4M_CyMf78NdOrCJNa8ZbVLhZjRKymXHeMw====GET====TypeError: Assignment to constant variable.
29-05-2023	04:30:20==============/favicon.ico====GET====NotFoundError: This route does not exist
29-05-2023	24:31:20==============/favicon.ico====GET====NotFoundError: This route does not exist
29-05-2023	21:32:20==============/favicon.ico====GET====NotFoundError: This route does not exist
29-05-2023	27:32:20==============/favicon.ico====GET====NotFoundError: This route does not exist
29-05-2023	36:33:20==============/favicon.ico====GET====NotFoundError: This route does not exist
29-05-2023	12:34:20==============/favicon.ico====GET====NotFoundError: This route does not exist
29-05-2023	31:34:20==============/favicon.ico====GET====NotFoundError: This route does not exist
29-05-2023	06:35:20==============/favicon.ico====GET====NotFoundError: This route does not exist
29-05-2023	55:35:20==============/favicon.ico====GET====NotFoundError: This route does not exist
29-05-2023	23:36:20==============/favicon.ico====GET====NotFoundError: This route does not exist
29-05-2023	52:37:20==============/favicon.ico====GET====NotFoundError: This route does not exist
29-05-2023	48:43:20==============/favicon.ico====GET====NotFoundError: This route does not exist
